<?xml version="1.0" encoding="UTF-8"?>
<testng-results ignored="0" total="2" passed="2" failed="0" skipped="0">
  <reporter-output>
  </reporter-output>
  <suite started-at="2021-10-07T01:18:45Z" name="Default suite" finished-at="2021-10-07T01:19:01Z" duration-ms="15974">
    <groups>
    </groups>
    <test started-at="2021-10-07T01:18:45Z" name="Default test" finished-at="2021-10-07T01:19:01Z" duration-ms="15974">
      <class name="session7.Learningtestngpractice">
        <test-method is-config="true" signature="readConfig()[pri:0, instance:session7.Learningtestngpractice@2931522b]" started-at="2021-10-07T01:18:45Z" name="readConfig" finished-at="2021-10-07T01:18:45Z" duration-ms="25" status="PASS">
          <reporter-output>
          </reporter-output>
        </test-method> <!-- readConfig -->
        <test-method is-config="true" signature="init()[pri:0, instance:session7.Learningtestngpractice@2931522b]" started-at="2021-10-07T01:18:45Z" name="init" finished-at="2021-10-07T01:18:50Z" duration-ms="4769" status="PASS">
          <reporter-output>
          </reporter-output>
        </test-method> <!-- init -->
        <test-method signature="loginTest()[pri:1, instance:session7.Learningtestngpractice@2931522b]" started-at="2021-10-07T01:18:50Z" name="loginTest" finished-at="2021-10-07T01:18:52Z" duration-ms="1902" status="PASS">
          <reporter-output>
          </reporter-output>
        </test-method> <!-- loginTest -->
        <test-method is-config="true" signature="init()[pri:0, instance:session7.Learningtestngpractice@2931522b]" started-at="2021-10-07T01:18:52Z" name="init" finished-at="2021-10-07T01:18:57Z" duration-ms="5095" status="PASS">
          <reporter-output>
          </reporter-output>
        </test-method> <!-- init -->
        <test-method signature="AddCustomerTest()[pri:2, instance:session7.Learningtestngpractice@2931522b]" started-at="2021-10-07T01:18:57Z" name="AddCustomerTest" finished-at="2021-10-07T01:19:01Z" duration-ms="4152" status="PASS">
          <reporter-output>
          </reporter-output>
        </test-method> <!-- AddCustomerTest -->
      </class> <!-- session7.Learningtestngpractice -->
    </test> <!-- Default test -->
  </suite> <!-- Default suite -->
</testng-results>
